<?xml version="1.0" encoding="UTF-8"?>
<!-- Generated by org.testng.reporters.JUnitReportReporter -->
<testsuite skipped="0" hostname="DESKTOP-FLB2E45" name="scripts.Validlogin" tests="1" failures="0" timestamp="23 Jan 2022 08:55:32 GMT" time="23.393" errors="0">
  <testcase name="testValidlogin" time="23.393" classname="scripts.Validlogin"/>
</testsuite> <!-- scripts.Validlogin -->
