<?xml version="1.0" encoding="UTF-8"?>
<!-- Generated by org.testng.reporters.JUnitReportReporter -->
<testsuite skipped="0" hostname="DESKTOP-FLB2E45" name="scripts.Invalidlogin" tests="1" failures="0" timestamp="24 Jan 2022 06:57:10 GMT" time="15.215" errors="0">
  <testcase name="testInvalidlogin" time="15.215" classname="scripts.Invalidlogin"/>
</testsuite> <!-- scripts.Invalidlogin -->
